
*** Running vivado
    with args -log design_1_QuadratureDecoder_0_0.vds -m64 -product Vivado -mode batch -messageDb vivado.pb -notrace -source design_1_QuadratureDecoder_0_0.tcl


****** Vivado v2017.4 (64-bit)
  **** SW Build 2086221 on Fri Dec 15 20:55:39 MST 2017
  **** IP Build 2085800 on Fri Dec 15 22:25:07 MST 2017
    ** Copyright 1986-2017 Xilinx, Inc. All Rights Reserved.

source design_1_QuadratureDecoder_0_0.tcl -notrace
Command: synth_design -top design_1_QuadratureDecoder_0_0 -part xc7z010clg400-1 -mode out_of_context
Starting synth_design
Attempting to get a license for feature 'Synthesis' and/or device 'xc7z010'
INFO: [Common 17-349] Got license for feature 'Synthesis' and/or device 'xc7z010'
INFO: Launching helper process for spawning children vivado processes
INFO: Helper process launched with PID 15652 
---------------------------------------------------------------------------------
Starting RTL Elaboration : Time (s): cpu = 00:00:07 ; elapsed = 00:00:07 . Memory (MB): peak = 353.414 ; gain = 100.977
---------------------------------------------------------------------------------
INFO: [Synth 8-638] synthesizing module 'design_1_QuadratureDecoder_0_0' [c:/Users/Sean/Documents/UGV_PROJECTS/new/new.srcs/sources_1/bd/design_1/ip/design_1_QuadratureDecoder_0_0/synth/design_1_QuadratureDecoder_0_0.vhd:84]
	Parameter C_S00_AXI_DATA_WIDTH bound to: 32 - type: integer 
	Parameter C_S00_AXI_ADDR_WIDTH bound to: 4 - type: integer 
	Parameter positions bound to: 32767 - type: integer 
	Parameter debounce_time bound to: 5000 - type: integer 
	Parameter set_origin_debounce_time bound to: 500 - type: integer 
INFO: [Synth 8-3491] module 'QuadratureDecoder_v1_0' declared at 'c:/Users/Sean/Documents/UGV_PROJECTS/new/new.srcs/sources_1/bd/design_1/ipshared/6aed/hdl/QuadratureDecoder_v1_0.vhd:5' bound to instance 'U0' of component 'QuadratureDecoder_v1_0' [c:/Users/Sean/Documents/UGV_PROJECTS/new/new.srcs/sources_1/bd/design_1/ip/design_1_QuadratureDecoder_0_0/synth/design_1_QuadratureDecoder_0_0.vhd:154]
INFO: [Synth 8-638] synthesizing module 'QuadratureDecoder_v1_0' [c:/Users/Sean/Documents/UGV_PROJECTS/new/new.srcs/sources_1/bd/design_1/ipshared/6aed/hdl/QuadratureDecoder_v1_0.vhd:53]
	Parameter positions bound to: 32767 - type: integer 
	Parameter debounce_time bound to: 5000 - type: integer 
	Parameter set_origin_debounce_time bound to: 500 - type: integer 
	Parameter C_S00_AXI_DATA_WIDTH bound to: 32 - type: integer 
	Parameter C_S00_AXI_ADDR_WIDTH bound to: 4 - type: integer 
	Parameter C_S_AXI_DATA_WIDTH bound to: 32 - type: integer 
	Parameter C_S_AXI_ADDR_WIDTH bound to: 4 - type: integer 
INFO: [Synth 8-3491] module 'QuadratureDecoder_v1_0_S00_AXI' declared at 'c:/Users/Sean/Documents/UGV_PROJECTS/new/new.srcs/sources_1/bd/design_1/ipshared/6aed/hdl/QuadratureDecoder_v1_0_S00_AXI.vhd:5' bound to instance 'QuadratureDecoder_v1_0_S00_AXI_inst' of component 'QuadratureDecoder_v1_0_S00_AXI' [c:/Users/Sean/Documents/UGV_PROJECTS/new/new.srcs/sources_1/bd/design_1/ipshared/6aed/hdl/QuadratureDecoder_v1_0.vhd:114]
INFO: [Synth 8-638] synthesizing module 'QuadratureDecoder_v1_0_S00_AXI' [c:/Users/Sean/Documents/UGV_PROJECTS/new/new.srcs/sources_1/bd/design_1/ipshared/6aed/hdl/QuadratureDecoder_v1_0_S00_AXI.vhd:91]
	Parameter C_S_AXI_DATA_WIDTH bound to: 32 - type: integer 
	Parameter C_S_AXI_ADDR_WIDTH bound to: 4 - type: integer 
INFO: [Synth 8-226] default block is never used [c:/Users/Sean/Documents/UGV_PROJECTS/new/new.srcs/sources_1/bd/design_1/ipshared/6aed/hdl/QuadratureDecoder_v1_0_S00_AXI.vhd:232]
INFO: [Synth 8-226] default block is never used [c:/Users/Sean/Documents/UGV_PROJECTS/new/new.srcs/sources_1/bd/design_1/ipshared/6aed/hdl/QuadratureDecoder_v1_0_S00_AXI.vhd:362]
WARNING: [Synth 8-6014] Unused sequential element loc_addr_reg was removed.  [c:/Users/Sean/Documents/UGV_PROJECTS/new/new.srcs/sources_1/bd/design_1/ipshared/6aed/hdl/QuadratureDecoder_v1_0_S00_AXI.vhd:230]
INFO: [Synth 8-256] done synthesizing module 'QuadratureDecoder_v1_0_S00_AXI' (1#1) [c:/Users/Sean/Documents/UGV_PROJECTS/new/new.srcs/sources_1/bd/design_1/ipshared/6aed/hdl/QuadratureDecoder_v1_0_S00_AXI.vhd:91]
INFO: [Synth 8-256] done synthesizing module 'QuadratureDecoder_v1_0' (2#1) [c:/Users/Sean/Documents/UGV_PROJECTS/new/new.srcs/sources_1/bd/design_1/ipshared/6aed/hdl/QuadratureDecoder_v1_0.vhd:53]
INFO: [Synth 8-256] done synthesizing module 'design_1_QuadratureDecoder_0_0' (3#1) [c:/Users/Sean/Documents/UGV_PROJECTS/new/new.srcs/sources_1/bd/design_1/ip/design_1_QuadratureDecoder_0_0/synth/design_1_QuadratureDecoder_0_0.vhd:84]
WARNING: [Synth 8-3331] design QuadratureDecoder_v1_0_S00_AXI has unconnected port S_AXI_AWPROT[2]
WARNING: [Synth 8-3331] design QuadratureDecoder_v1_0_S00_AXI has unconnected port S_AXI_AWPROT[1]
WARNING: [Synth 8-3331] design QuadratureDecoder_v1_0_S00_AXI has unconnected port S_AXI_AWPROT[0]
WARNING: [Synth 8-3331] design QuadratureDecoder_v1_0_S00_AXI has unconnected port S_AXI_ARPROT[2]
WARNING: [Synth 8-3331] design QuadratureDecoder_v1_0_S00_AXI has unconnected port S_AXI_ARPROT[1]
WARNING: [Synth 8-3331] design QuadratureDecoder_v1_0_S00_AXI has unconnected port S_AXI_ARPROT[0]
---------------------------------------------------------------------------------
Finished RTL Elaboration : Time (s): cpu = 00:00:08 ; elapsed = 00:00:08 . Memory (MB): peak = 405.539 ; gain = 153.102
---------------------------------------------------------------------------------

Report Check Netlist: 
+------+------------------+-------+---------+-------+------------------+
|      |Item              |Errors |Warnings |Status |Description       |
+------+------------------+-------+---------+-------+------------------+
|1     |multi_driven_nets |      0|        0|Passed |Multi driven nets |
+------+------------------+-------+---------+-------+------------------+
---------------------------------------------------------------------------------
Finished RTL Optimization Phase 1 : Time (s): cpu = 00:00:08 ; elapsed = 00:00:09 . Memory (MB): peak = 405.539 ; gain = 153.102
---------------------------------------------------------------------------------
INFO: [Device 21-403] Loading part xc7z010clg400-1
INFO: [Project 1-570] Preparing netlist for logic optimization

Processing XDC Constraints
Initializing timing engine
Completed Processing XDC Constraints

INFO: [Project 1-111] Unisim Transformation Summary:
No Unisim elements were transformed.

Constraint Validation Runtime : Time (s): cpu = 00:00:00 ; elapsed = 00:00:00.022 . Memory (MB): peak = 728.156 ; gain = 0.000
---------------------------------------------------------------------------------
Finished Constraint Validation : Time (s): cpu = 00:00:22 ; elapsed = 00:00:23 . Memory (MB): peak = 728.156 ; gain = 475.719
---------------------------------------------------------------------------------
---------------------------------------------------------------------------------
Start Loading Part and Timing Information
---------------------------------------------------------------------------------
Loading part: xc7z010clg400-1
---------------------------------------------------------------------------------
Finished Loading Part and Timing Information : Time (s): cpu = 00:00:22 ; elapsed = 00:00:23 . Memory (MB): peak = 728.156 ; gain = 475.719
---------------------------------------------------------------------------------
---------------------------------------------------------------------------------
Start Applying 'set_property' XDC Constraints
---------------------------------------------------------------------------------
---------------------------------------------------------------------------------
Finished applying 'set_property' XDC Constraints : Time (s): cpu = 00:00:22 ; elapsed = 00:00:23 . Memory (MB): peak = 728.156 ; gain = 475.719
---------------------------------------------------------------------------------
INFO: [Synth 8-5818] HDL ADVISOR - The operator resource <adder> is shared. To prevent sharing consider applying a KEEP on the output of the operator [c:/Users/Sean/Documents/UGV_PROJECTS/new/new.srcs/sources_1/bd/design_1/ipshared/6aed/hdl/QuadratureDecoder_v1_0.vhd:180]
INFO: [Synth 8-5546] ROM "debounce_cnt" won't be mapped to RAM because it is too sparse
INFO: [Synth 8-5546] ROM "a_prev" won't be mapped to RAM because it is too sparse
INFO: [Synth 8-5546] ROM "set_origin_cnt" won't be mapped to RAM because it is too sparse
INFO: [Synth 8-5546] ROM "set_origin_n_int" won't be mapped to RAM because it is too sparse
WARNING: [Synth 8-6014] Unused sequential element debounce_cnt_reg was removed.  [c:/Users/Sean/Documents/UGV_PROJECTS/new/new.srcs/sources_1/bd/design_1/ipshared/6aed/hdl/QuadratureDecoder_v1_0.vhd:156]
WARNING: [Synth 8-6014] Unused sequential element set_origin_cnt_reg was removed.  [c:/Users/Sean/Documents/UGV_PROJECTS/new/new.srcs/sources_1/bd/design_1/ipshared/6aed/hdl/QuadratureDecoder_v1_0.vhd:167]
---------------------------------------------------------------------------------
Finished RTL Optimization Phase 2 : Time (s): cpu = 00:00:22 ; elapsed = 00:00:23 . Memory (MB): peak = 728.156 ; gain = 475.719
---------------------------------------------------------------------------------

Report RTL Partitions: 
+-+--------------+------------+----------+
| |RTL Partition |Replication |Instances |
+-+--------------+------------+----------+
+-+--------------+------------+----------+
---------------------------------------------------------------------------------
Start RTL Component Statistics 
---------------------------------------------------------------------------------
Detailed RTL Component Info : 
+---Adders : 
	   2 Input     15 Bit       Adders := 1     
	   2 Input      9 Bit       Adders := 1     
+---XORs : 
	   2 Input      1 Bit         XORs := 6     
+---Registers : 
	               32 Bit    Registers := 4     
	               15 Bit    Registers := 1     
	                9 Bit    Registers := 1     
	                4 Bit    Registers := 2     
	                2 Bit    Registers := 5     
	                1 Bit    Registers := 10    
+---Muxes : 
	   2 Input     32 Bit        Muxes := 3     
	   4 Input     32 Bit        Muxes := 4     
	   4 Input     15 Bit        Muxes := 1     
	   2 Input     15 Bit        Muxes := 3     
	   2 Input      2 Bit        Muxes := 1     
	   2 Input      1 Bit        Muxes := 10    
---------------------------------------------------------------------------------
Finished RTL Component Statistics 
---------------------------------------------------------------------------------
---------------------------------------------------------------------------------
Start RTL Hierarchical Component Statistics 
---------------------------------------------------------------------------------
Hierarchical RTL Component report 
Module QuadratureDecoder_v1_0_S00_AXI 
Detailed RTL Component Info : 
+---Registers : 
	               32 Bit    Registers := 4     
	                4 Bit    Registers := 2     
	                2 Bit    Registers := 2     
	                1 Bit    Registers := 6     
+---Muxes : 
	   2 Input     32 Bit        Muxes := 3     
	   4 Input     32 Bit        Muxes := 4     
	   2 Input      1 Bit        Muxes := 5     
Module QuadratureDecoder_v1_0 
Detailed RTL Component Info : 
+---Adders : 
	   2 Input     15 Bit       Adders := 1     
	   2 Input      9 Bit       Adders := 1     
+---XORs : 
	   2 Input      1 Bit         XORs := 6     
+---Registers : 
	               15 Bit    Registers := 1     
	                9 Bit    Registers := 1     
	                2 Bit    Registers := 3     
	                1 Bit    Registers := 4     
+---Muxes : 
	   4 Input     15 Bit        Muxes := 1     
	   2 Input     15 Bit        Muxes := 3     
	   2 Input      2 Bit        Muxes := 1     
	   2 Input      1 Bit        Muxes := 5     
---------------------------------------------------------------------------------
Finished RTL Hierarchical Component Statistics
---------------------------------------------------------------------------------
---------------------------------------------------------------------------------
Start Part Resource Summary
---------------------------------------------------------------------------------
Part Resources:
DSPs: 80 (col length:40)
BRAMs: 120 (col length: RAMB18 40 RAMB36 20)
---------------------------------------------------------------------------------
Finished Part Resource Summary
---------------------------------------------------------------------------------
---------------------------------------------------------------------------------
Start Cross Boundary and Area Optimization
---------------------------------------------------------------------------------
INFO: [Synth 8-5546] ROM "U0/debounce_cnt" won't be mapped to RAM because it is too sparse
INFO: [Synth 8-5546] ROM "U0/a_prev" won't be mapped to RAM because it is too sparse
INFO: [Synth 8-5546] ROM "U0/set_origin_cnt" won't be mapped to RAM because it is too sparse
INFO: [Synth 8-5546] ROM "U0/set_origin_n_int" won't be mapped to RAM because it is too sparse
WARNING: [Synth 8-6014] Unused sequential element U0/debounce_cnt_reg was removed.  [c:/Users/Sean/Documents/UGV_PROJECTS/new/new.srcs/sources_1/bd/design_1/ipshared/6aed/hdl/QuadratureDecoder_v1_0.vhd:156]
WARNING: [Synth 8-6014] Unused sequential element U0/set_origin_cnt_reg was removed.  [c:/Users/Sean/Documents/UGV_PROJECTS/new/new.srcs/sources_1/bd/design_1/ipshared/6aed/hdl/QuadratureDecoder_v1_0.vhd:167]
WARNING: [Synth 8-3331] design design_1_QuadratureDecoder_0_0 has unconnected port s00_axi_awprot[2]
WARNING: [Synth 8-3331] design design_1_QuadratureDecoder_0_0 has unconnected port s00_axi_awprot[1]
WARNING: [Synth 8-3331] design design_1_QuadratureDecoder_0_0 has unconnected port s00_axi_awprot[0]
WARNING: [Synth 8-3331] design design_1_QuadratureDecoder_0_0 has unconnected port s00_axi_arprot[2]
WARNING: [Synth 8-3331] design design_1_QuadratureDecoder_0_0 has unconnected port s00_axi_arprot[1]
WARNING: [Synth 8-3331] design design_1_QuadratureDecoder_0_0 has unconnected port s00_axi_arprot[0]
INFO: [Synth 8-3333] propagating constant 1 across sequential element (\U0/QuadratureDecoder_v1_0_S00_AXI_inst/aw_en_reg )
INFO: [Synth 8-3886] merging instance 'U0/QuadratureDecoder_v1_0_S00_AXI_inst/axi_rresp_reg[0]' (FDRE) to 'U0/QuadratureDecoder_v1_0_S00_AXI_inst/axi_rresp_reg[1]'
INFO: [Synth 8-3333] propagating constant 0 across sequential element (\U0/QuadratureDecoder_v1_0_S00_AXI_inst/axi_rresp_reg[1] )
INFO: [Synth 8-3886] merging instance 'U0/QuadratureDecoder_v1_0_S00_AXI_inst/axi_bresp_reg[0]' (FDRE) to 'U0/QuadratureDecoder_v1_0_S00_AXI_inst/axi_bresp_reg[1]'
INFO: [Synth 8-3333] propagating constant 0 across sequential element (\U0/QuadratureDecoder_v1_0_S00_AXI_inst/axi_bresp_reg[1] )
INFO: [Synth 8-3332] Sequential element (U0/QuadratureDecoder_v1_0_S00_AXI_inst/aw_en_reg) is unused and will be removed from module design_1_QuadratureDecoder_0_0.
INFO: [Synth 8-3332] Sequential element (U0/QuadratureDecoder_v1_0_S00_AXI_inst/axi_bresp_reg[1]) is unused and will be removed from module design_1_QuadratureDecoder_0_0.
INFO: [Synth 8-3332] Sequential element (U0/QuadratureDecoder_v1_0_S00_AXI_inst/axi_awaddr_reg[1]) is unused and will be removed from module design_1_QuadratureDecoder_0_0.
INFO: [Synth 8-3332] Sequential element (U0/QuadratureDecoder_v1_0_S00_AXI_inst/axi_awaddr_reg[0]) is unused and will be removed from module design_1_QuadratureDecoder_0_0.
INFO: [Synth 8-3332] Sequential element (U0/QuadratureDecoder_v1_0_S00_AXI_inst/axi_araddr_reg[1]) is unused and will be removed from module design_1_QuadratureDecoder_0_0.
INFO: [Synth 8-3332] Sequential element (U0/QuadratureDecoder_v1_0_S00_AXI_inst/axi_araddr_reg[0]) is unused and will be removed from module design_1_QuadratureDecoder_0_0.
INFO: [Synth 8-3332] Sequential element (U0/QuadratureDecoder_v1_0_S00_AXI_inst/axi_rresp_reg[1]) is unused and will be removed from module design_1_QuadratureDecoder_0_0.
---------------------------------------------------------------------------------
Finished Cross Boundary and Area Optimization : Time (s): cpu = 00:00:23 ; elapsed = 00:00:25 . Memory (MB): peak = 728.156 ; gain = 475.719
---------------------------------------------------------------------------------

Report RTL Partitions: 
+-+--------------+------------+----------+
| |RTL Partition |Replication |Instances |
+-+--------------+------------+----------+
+-+--------------+------------+----------+
---------------------------------------------------------------------------------
Start Applying XDC Timing Constraints
---------------------------------------------------------------------------------
---------------------------------------------------------------------------------
Finished Applying XDC Timing Constraints : Time (s): cpu = 00:00:36 ; elapsed = 00:00:38 . Memory (MB): peak = 735.031 ; gain = 482.594
---------------------------------------------------------------------------------
---------------------------------------------------------------------------------
Start Timing Optimization
---------------------------------------------------------------------------------
---------------------------------------------------------------------------------
Finished Timing Optimization : Time (s): cpu = 00:00:36 ; elapsed = 00:00:38 . Memory (MB): peak = 735.254 ; gain = 482.816
---------------------------------------------------------------------------------

Report RTL Partitions: 
+-+--------------+------------+----------+
| |RTL Partition |Replication |Instances |
+-+--------------+------------+----------+
+-+--------------+------------+----------+
---------------------------------------------------------------------------------
Start Technology Mapping
---------------------------------------------------------------------------------
---------------------------------------------------------------------------------
Finished Technology Mapping : Time (s): cpu = 00:00:36 ; elapsed = 00:00:38 . Memory (MB): peak = 755.172 ; gain = 502.734
---------------------------------------------------------------------------------

Report RTL Partitions: 
+-+--------------+------------+----------+
| |RTL Partition |Replication |Instances |
+-+--------------+------------+----------+
+-+--------------+------------+----------+
---------------------------------------------------------------------------------
Start IO Insertion
---------------------------------------------------------------------------------
---------------------------------------------------------------------------------
Start Flattening Before IO Insertion
---------------------------------------------------------------------------------
---------------------------------------------------------------------------------
Finished Flattening Before IO Insertion
---------------------------------------------------------------------------------
---------------------------------------------------------------------------------
Start Final Netlist Cleanup
---------------------------------------------------------------------------------
---------------------------------------------------------------------------------
Finished Final Netlist Cleanup
---------------------------------------------------------------------------------
---------------------------------------------------------------------------------
Finished IO Insertion : Time (s): cpu = 00:00:38 ; elapsed = 00:00:39 . Memory (MB): peak = 755.172 ; gain = 502.734
---------------------------------------------------------------------------------

Report Check Netlist: 
+------+------------------+-------+---------+-------+------------------+
|      |Item              |Errors |Warnings |Status |Description       |
+------+------------------+-------+---------+-------+------------------+
|1     |multi_driven_nets |      0|        0|Passed |Multi driven nets |
+------+------------------+-------+---------+-------+------------------+
---------------------------------------------------------------------------------
Start Renaming Generated Instances
---------------------------------------------------------------------------------
---------------------------------------------------------------------------------
Finished Renaming Generated Instances : Time (s): cpu = 00:00:38 ; elapsed = 00:00:39 . Memory (MB): peak = 755.172 ; gain = 502.734
---------------------------------------------------------------------------------

Report RTL Partitions: 
+-+--------------+------------+----------+
| |RTL Partition |Replication |Instances |
+-+--------------+------------+----------+
+-+--------------+------------+----------+
---------------------------------------------------------------------------------
Start Rebuilding User Hierarchy
---------------------------------------------------------------------------------
---------------------------------------------------------------------------------
Finished Rebuilding User Hierarchy : Time (s): cpu = 00:00:38 ; elapsed = 00:00:39 . Memory (MB): peak = 755.172 ; gain = 502.734
---------------------------------------------------------------------------------
---------------------------------------------------------------------------------
Start Renaming Generated Ports
---------------------------------------------------------------------------------
---------------------------------------------------------------------------------
Finished Renaming Generated Ports : Time (s): cpu = 00:00:38 ; elapsed = 00:00:39 . Memory (MB): peak = 755.172 ; gain = 502.734
---------------------------------------------------------------------------------
---------------------------------------------------------------------------------
Start Handling Custom Attributes
---------------------------------------------------------------------------------
---------------------------------------------------------------------------------
Finished Handling Custom Attributes : Time (s): cpu = 00:00:38 ; elapsed = 00:00:39 . Memory (MB): peak = 755.172 ; gain = 502.734
---------------------------------------------------------------------------------
---------------------------------------------------------------------------------
Start Renaming Generated Nets
---------------------------------------------------------------------------------
---------------------------------------------------------------------------------
Finished Renaming Generated Nets : Time (s): cpu = 00:00:38 ; elapsed = 00:00:39 . Memory (MB): peak = 755.172 ; gain = 502.734
---------------------------------------------------------------------------------
---------------------------------------------------------------------------------
Start Writing Synthesis Report
---------------------------------------------------------------------------------

Report BlackBoxes: 
+-+--------------+----------+
| |BlackBox name |Instances |
+-+--------------+----------+
+-+--------------+----------+

Report Cell Usage: 
+------+-------+------+
|      |Cell   |Count |
+------+-------+------+
|1     |CARRY4 |    10|
|2     |LUT1   |     3|
|3     |LUT2   |    18|
|4     |LUT3   |    27|
|5     |LUT4   |    28|
|6     |LUT5   |    21|
|7     |LUT6   |    31|
|8     |FDRE   |   182|
|9     |FDSE   |     2|
+------+-------+------+

Report Instance Areas: 
+------+----------------------------------------+-------------------------------+------+
|      |Instance                                |Module                         |Cells |
+------+----------------------------------------+-------------------------------+------+
|1     |top                                     |                               |   322|
|2     |  U0                                    |QuadratureDecoder_v1_0         |   322|
|3     |    QuadratureDecoder_v1_0_S00_AXI_inst |QuadratureDecoder_v1_0_S00_AXI |   193|
+------+----------------------------------------+-------------------------------+------+
---------------------------------------------------------------------------------
Finished Writing Synthesis Report : Time (s): cpu = 00:00:38 ; elapsed = 00:00:39 . Memory (MB): peak = 755.172 ; gain = 502.734
---------------------------------------------------------------------------------
Synthesis finished with 0 errors, 0 critical warnings and 10 warnings.
Synthesis Optimization Runtime : Time (s): cpu = 00:00:22 ; elapsed = 00:00:31 . Memory (MB): peak = 755.172 ; gain = 180.117
Synthesis Optimization Complete : Time (s): cpu = 00:00:38 ; elapsed = 00:00:39 . Memory (MB): peak = 755.172 ; gain = 502.734
INFO: [Project 1-571] Translating synthesized netlist
INFO: [Netlist 29-17] Analyzing 10 Unisim elements for replacement
INFO: [Netlist 29-28] Unisim Transformation completed in 0 CPU seconds
INFO: [Project 1-570] Preparing netlist for logic optimization
INFO: [Opt 31-138] Pushed 0 inverter(s) to 0 load pin(s).
INFO: [Project 1-111] Unisim Transformation Summary:
No Unisim elements were transformed.

INFO: [Common 17-83] Releasing license: Synthesis
42 Infos, 17 Warnings, 0 Critical Warnings and 0 Errors encountered.
synth_design completed successfully
synth_design: Time (s): cpu = 00:00:40 ; elapsed = 00:00:42 . Memory (MB): peak = 756.980 ; gain = 516.012
INFO: [Common 17-1381] The checkpoint 'C:/Users/Sean/Documents/UGV_PROJECTS/new/new.runs/design_1_QuadratureDecoder_0_0_synth_1/design_1_QuadratureDecoder_0_0.dcp' has been generated.
